Build started 2015-01-12 02:01:20.
     1>Project "C:\Users\Christopher\Documents\GitHub\Phantom-Interactive-Novel\Phantom-Interactive-Novel\Common\Common.vcxproj" on node 3 (Build target(s)).
     1>C:\Program Files (x86)\MSBuild\Microsoft.Cpp\v4.0\V120\Microsoft.CppBuild.targets(388,5): warning MSB8028: The intermediate directory (Debug\) contains files shared from another project (Common.vcxproj).  This can lead to incorrect clean and rebuild behavior.
     1>ClCompile:
         C:\Program Files (x86)\Microsoft Visual Studio 12.0\VC\bin\CL.exe /c /ZI /nologo /W3 /WX- /sdl /Od /Oy- /D _MBCS /Gm /EHsc /RTC1 /MDd /GS /fp:precise /Zc:wchar_t /Zc:forScope /Fo"Debug\\" /Fd"Debug\vc120.pdb" /Gd /TP /analyze- /errorReport:prompt ConsoleView.cpp Main.cpp ModifyableChapter.cpp ModifyableChoice.cpp
         ModifyableChoice.cpp
         ModifyableChapter.cpp
         Main.cpp
         ConsoleView.cpp
     1>c:\users\christopher\documents\github\phantom-interactive-novel\phantom-interactive-novel\common\consoleview.cpp(31): warning C4018: '<=' : signed/unsigned mismatch
         Generating Code...
       Link:
         C:\Program Files (x86)\Microsoft Visual Studio 12.0\VC\bin\link.exe /ERRORREPORT:PROMPT /OUT:"C:\Users\Christopher\Documents\GitHub\Phantom-Interactive-Novel\Visual Studio Solution\Debug\Common Old.exe" /INCREMENTAL /NOLOGO kernel32.lib user32.lib gdi32.lib winspool.lib comdlg32.lib advapi32.lib shell32.lib ole32.lib oleaut32.lib uuid.lib odbc32.lib odbccp32.lib /MANIFEST /MANIFESTUAC:"level='asInvoker' uiAccess='false'" /manifest:embed /DEBUG /PDB:"C:\Users\Christopher\Documents\GitHub\Phantom-Interactive-Novel\Visual Studio Solution\Debug\Common Old.pdb" /TLBID:1 /DYNAMICBASE /NXCOMPAT /IMPLIB:"C:\Users\Christopher\Documents\GitHub\Phantom-Interactive-Novel\Visual Studio Solution\Debug\Common Old.lib" /MACHINE:X86 Debug\ConsoleView.obj
         Debug\Main.obj
         Debug\ModifyableChapter.obj
         Debug\ModifyableChoice.obj
         Common.vcxproj -> C:\Users\Christopher\Documents\GitHub\Phantom-Interactive-Novel\Visual Studio Solution\Debug\Common Old.exe
     1>Done Building Project "C:\Users\Christopher\Documents\GitHub\Phantom-Interactive-Novel\Phantom-Interactive-Novel\Common\Common.vcxproj" (Build target(s)).

Build succeeded.

Time Elapsed 00:00:08.11
